  0%|          | 0/1 [00:00<?, ?it/s]100%|██████████| 1/1 [5:44:32<00:00, 20672.65s/it]100%|██████████| 1/1 [5:44:32<00:00, 20672.67s/it]
/home/yz2474/yiyong_2023/EVscope_pipeline/bin/Step_22_run_RNA_deconvolution_ARIC.py:145: FutureWarning: 

Passing `palette` without assigning `hue` is deprecated and will be removed in v0.14.0. Assign the `y` variable to `hue` and set `legend=False` for the same effect.

  ax = sns.barplot(x=frac_col, y=ct_col, data=df, palette=sns.color_palette("bright"))
/home/yz2474/yiyong_2023/EVscope_pipeline/bin/Step_22_run_RNA_deconvolution_ARIC.py:145: UserWarning: 
The palette list has fewer values (10) than needed (30) and will cycle, which may produce an uninterpretable plot.
  ax = sns.barplot(x=frac_col, y=ct_col, data=df, palette=sns.color_palette("bright"))
  0%|          | 0/1 [00:00<?, ?it/s]100%|██████████| 1/1 [11:26:43<00:00, 41203.61s/it]100%|██████████| 1/1 [11:26:43<00:00, 41203.64s/it]
/home/yz2474/yiyong_2023/EVscope_pipeline/bin/Step_22_run_RNA_deconvolution_ARIC.py:145: FutureWarning: 

Passing `palette` without assigning `hue` is deprecated and will be removed in v0.14.0. Assign the `y` variable to `hue` and set `legend=False` for the same effect.

  ax = sns.barplot(x=frac_col, y=ct_col, data=df, palette=sns.color_palette("bright"))
/home/yz2474/yiyong_2023/EVscope_pipeline/bin/Step_22_run_RNA_deconvolution_ARIC.py:145: UserWarning: 
The palette list has fewer values (10) than needed (54) and will cycle, which may produce an uninterpretable plot.
  ax = sns.barplot(x=frac_col, y=ct_col, data=df, palette=sns.color_palette("bright"))
  0%|          | 0/1 [00:00<?, ?it/s]100%|██████████| 1/1 [12:04:11<00:00, 43451.55s/it]100%|██████████| 1/1 [12:04:11<00:00, 43451.57s/it]
/home/yz2474/yiyong_2023/EVscope_pipeline/bin/Step_22_run_RNA_deconvolution_ARIC.py:145: FutureWarning: 

Passing `palette` without assigning `hue` is deprecated and will be removed in v0.14.0. Assign the `y` variable to `hue` and set `legend=False` for the same effect.

  ax = sns.barplot(x=frac_col, y=ct_col, data=df, palette=sns.color_palette("bright"))
/home/yz2474/yiyong_2023/EVscope_pipeline/bin/Step_22_run_RNA_deconvolution_ARIC.py:145: UserWarning: 
The palette list has fewer values (10) than needed (31) and will cycle, which may produce an uninterpretable plot.
  ax = sns.barplot(x=frac_col, y=ct_col, data=df, palette=sns.color_palette("bright"))
