                                 Started job on |	Jun 23 02:22:58
                             Started mapping on |	Jun 23 02:23:15
                                    Finished on |	Jun 23 02:23:17
       Mapping speed, Million of reads per hour |	3.50

                          Number of input reads |	1945
                      Average input read length |	161
                                    UNIQUE READS:
                   Uniquely mapped reads number |	62
                        Uniquely mapped reads % |	3.19%
                          Average mapped length |	105.71
                       Number of splices: Total |	13
            Number of splices: Annotated (sjdb) |	10
                       Number of splices: GT/AG |	10
                       Number of splices: GC/AG |	0
                       Number of splices: AT/AC |	0
               Number of splices: Non-canonical |	3
                      Mismatch rate per base, % |	1.98%
                         Deletion rate per base |	0.08%
                        Deletion average length |	2.50
                        Insertion rate per base |	0.00%
                       Insertion average length |	0.00
                             MULTI-MAPPING READS:
        Number of reads mapped to multiple loci |	1877
             % of reads mapped to multiple loci |	96.50%
        Number of reads mapped to too many loci |	0
             % of reads mapped to too many loci |	0.00%
                                  UNMAPPED READS:
  Number of reads unmapped: too many mismatches |	0
       % of reads unmapped: too many mismatches |	0.00%
            Number of reads unmapped: too short |	6
                 % of reads unmapped: too short |	0.31%
                Number of reads unmapped: other |	0
                     % of reads unmapped: other |	0.00%
                                  CHIMERIC READS:
                       Number of chimeric reads |	0
                            % of chimeric reads |	0.00%
