2025-06-23 02:18:44,287 [INFO] Starting analysis...
2025-06-23 02:18:44,287 [INFO] Sampling reads with seqtk...
2025-06-23 02:18:44,428 [INFO] Base distribution saved to Example_Data_EVscope_output/Step_02_UMI_Analysis/Example_Data_base_distribution.csv
2025-06-23 02:18:46,401 [INFO] maxp pruned
2025-06-23 02:18:46,402 [INFO] LTSH dropped
2025-06-23 02:18:46,402 [INFO] cmap pruned
2025-06-23 02:18:46,432 [INFO] kern pruned
2025-06-23 02:18:46,432 [INFO] post pruned
2025-06-23 02:18:46,433 [INFO] PCLT dropped
2025-06-23 02:18:46,433 [INFO] JSTF dropped
2025-06-23 02:18:46,433 [INFO] DSIG dropped
2025-06-23 02:18:46,434 [INFO] GSUB pruned
2025-06-23 02:18:46,436 [INFO] glyf pruned
2025-06-23 02:18:46,437 [INFO] Added gid0 to subset
2025-06-23 02:18:46,437 [INFO] Added first four glyphs to subset
2025-06-23 02:18:46,437 [INFO] Closing glyph list over 'GSUB': 36 glyphs before
2025-06-23 02:18:46,437 [INFO] Glyph names: ['.notdef', '.null', 'D', 'E', 'F', 'P', 'a', 'c', 'e', 'eight', 'five', 'four', 'i', 'l', 'm', 'n', 'nine', 'nonmarkingreturn', 'o', 'one', 'p', 'period', 'q', 'r', 's', 'seven', 'six', 'space', 't', 'three', 'two', 'u', 'underscore', 'x', 'y', 'zero']
2025-06-23 02:18:46,438 [INFO] Glyph IDs:   [0, 1, 2, 3, 17, 19, 20, 21, 22, 23, 24, 25, 26, 27, 28, 39, 40, 41, 51, 66, 68, 70, 72, 76, 79, 80, 81, 82, 83, 84, 85, 86, 87, 88, 91, 92]
2025-06-23 02:18:46,438 [INFO] Closed glyph list over 'GSUB': 36 glyphs after
2025-06-23 02:18:46,438 [INFO] Glyph names: ['.notdef', '.null', 'D', 'E', 'F', 'P', 'a', 'c', 'e', 'eight', 'five', 'four', 'i', 'l', 'm', 'n', 'nine', 'nonmarkingreturn', 'o', 'one', 'p', 'period', 'q', 'r', 's', 'seven', 'six', 'space', 't', 'three', 'two', 'u', 'underscore', 'x', 'y', 'zero']
2025-06-23 02:18:46,438 [INFO] Glyph IDs:   [0, 1, 2, 3, 17, 19, 20, 21, 22, 23, 24, 25, 26, 27, 28, 39, 40, 41, 51, 66, 68, 70, 72, 76, 79, 80, 81, 82, 83, 84, 85, 86, 87, 88, 91, 92]
2025-06-23 02:18:46,438 [INFO] Closing glyph list over 'glyf': 36 glyphs before
2025-06-23 02:18:46,438 [INFO] Glyph names: ['.notdef', '.null', 'D', 'E', 'F', 'P', 'a', 'c', 'e', 'eight', 'five', 'four', 'i', 'l', 'm', 'n', 'nine', 'nonmarkingreturn', 'o', 'one', 'p', 'period', 'q', 'r', 's', 'seven', 'six', 'space', 't', 'three', 'two', 'u', 'underscore', 'x', 'y', 'zero']
2025-06-23 02:18:46,438 [INFO] Glyph IDs:   [0, 1, 2, 3, 17, 19, 20, 21, 22, 23, 24, 25, 26, 27, 28, 39, 40, 41, 51, 66, 68, 70, 72, 76, 79, 80, 81, 82, 83, 84, 85, 86, 87, 88, 91, 92]
2025-06-23 02:18:46,439 [INFO] Closed glyph list over 'glyf': 36 glyphs after
2025-06-23 02:18:46,439 [INFO] Glyph names: ['.notdef', '.null', 'D', 'E', 'F', 'P', 'a', 'c', 'e', 'eight', 'five', 'four', 'i', 'l', 'm', 'n', 'nine', 'nonmarkingreturn', 'o', 'one', 'p', 'period', 'q', 'r', 's', 'seven', 'six', 'space', 't', 'three', 'two', 'u', 'underscore', 'x', 'y', 'zero']
2025-06-23 02:18:46,439 [INFO] Glyph IDs:   [0, 1, 2, 3, 17, 19, 20, 21, 22, 23, 24, 25, 26, 27, 28, 39, 40, 41, 51, 66, 68, 70, 72, 76, 79, 80, 81, 82, 83, 84, 85, 86, 87, 88, 91, 92]
2025-06-23 02:18:46,439 [INFO] Retaining 36 glyphs
2025-06-23 02:18:46,439 [INFO] head subsetting not needed
2025-06-23 02:18:46,439 [INFO] hhea subsetting not needed
2025-06-23 02:18:46,439 [INFO] maxp subsetting not needed
2025-06-23 02:18:46,439 [INFO] OS/2 subsetting not needed
2025-06-23 02:18:46,440 [INFO] hmtx subsetted
2025-06-23 02:18:46,440 [INFO] VDMX subsetting not needed
2025-06-23 02:18:46,441 [INFO] hdmx subsetted
2025-06-23 02:18:46,442 [INFO] cmap subsetted
2025-06-23 02:18:46,442 [INFO] fpgm subsetting not needed
2025-06-23 02:18:46,442 [INFO] prep subsetting not needed
2025-06-23 02:18:46,442 [INFO] cvt  subsetting not needed
2025-06-23 02:18:46,442 [INFO] loca subsetting not needed
2025-06-23 02:18:46,442 [INFO] kern subsetted
2025-06-23 02:18:46,442 [INFO] post subsetted
2025-06-23 02:18:46,442 [INFO] gasp subsetting not needed
2025-06-23 02:18:46,443 [INFO] GDEF subsetted
2025-06-23 02:18:46,443 [INFO] GSUB subsetted
2025-06-23 02:18:46,443 [INFO] name subsetting not needed
2025-06-23 02:18:46,443 [INFO] glyf subsetted
2025-06-23 02:18:46,443 [INFO] head pruned
2025-06-23 02:18:46,444 [INFO] OS/2 Unicode ranges pruned: [0]
2025-06-23 02:18:46,444 [INFO] OS/2 CodePage ranges pruned: [0]
2025-06-23 02:18:46,445 [INFO] glyf pruned
2025-06-23 02:18:46,445 [INFO] GDEF pruned to empty; dropped
2025-06-23 02:18:46,445 [INFO] GSUB pruned
2025-06-23 02:18:46,448 [INFO] name pruned
2025-06-23 02:18:46,483 [INFO] Motif logo saved as: Example_Data_EVscope_output/Step_02_UMI_Analysis/Example_Data_14BP_motif_logo.png, Example_Data_EVscope_output/Step_02_UMI_Analysis/Example_Data_14BP_motif_logo.pdf
