Warning: Read LH00547:85:22VTFJLT3:7:1101:51419:1336_GTTTTATG is ignored due to at least one of the mates' length < seed length (= 25)!
Warning: Read LH00547:85:22VTFJLT3:7:1101:16006:1529_GGCCCTCA is ignored due to at least one of the mates' length < seed length (= 25)!
Warning: Read LH00547:85:22VTFJLT3:7:1101:47221:1689_CTGCACTT is ignored due to at least one of the mates' length < seed length (= 25)!
Warning: Read LH00547:85:22VTFJLT3:7:1101:52113:1801_ATGATAAT is ignored due to at least one of the mates' length < seed length (= 25)!
Warning: Read LH00547:85:22VTFJLT3:7:1101:48775:2138_AGATTCGA is ignored due to at least one of the mates' length < seed length (= 25)!
Warning: Read LH00547:85:22VTFJLT3:7:1101:38410:1865_TTCTCTCC is ignored due to at least one of the mates' length < seed length (= 25)!
Warning: Read LH00547:85:22VTFJLT3:7:1101:51502:1929_GACTTACC is ignored due to at least one of the mates' length < seed length (= 25)!
Warning: Read LH00547:85:22VTFJLT3:7:1101:30578:1945_CGAGATAT is ignored due to at least one of the mates' length < seed length (= 25)!
Warning: Read LH00547:85:22VTFJLT3:7:1101:47009:2250_AATGAGTG is ignored due to at least one of the mates' length < seed length (= 25)!
Warning: Read LH00547:85:22VTFJLT3:7:1101:42691:2362_GTCGGACC is ignored due to at least one of the mates' length < seed length (= 25)!
Warning: Read LH00547:85:22VTFJLT3:7:1101:38761:2794_GTCGCATG is ignored due to at least one of the mates' length < seed length (= 25)!
Warning: Read LH00547:85:22VTFJLT3:7:1101:41017:3051_GATTAGTC is ignored due to at least one of the mates' length < seed length (= 25)!
Warning: Read LH00547:85:22VTFJLT3:7:1101:33768:3115_CACCAGGA is ignored due to at least one of the mates' length < seed length (= 25)!
Warning: Read LH00547:85:22VTFJLT3:7:1101:4883:3660_CCTTTTAT is ignored due to at least one of the mates' length < seed length (= 25)!
Warning: Read LH00547:85:22VTFJLT3:7:1101:49256:3195_TGCATCTT is ignored due to at least one of the mates' length < seed length (= 25)!
Warning: Read LH00547:85:22VTFJLT3:7:1101:36191:3916_GAAGGCAA is ignored due to at least one of the mates' length < seed length (= 25)!
Warning: Read LH00547:85:22VTFJLT3:7:1101:23755:4028_TATAGCTG is ignored due to at least one of the mates' length < seed length (= 25)!
Warning: Read LH00547:85:22VTFJLT3:7:1101:6807:4044_GACCAATA is ignored due to at least one of the mates' length < seed length (= 25)!
Warning: Read LH00547:85:22VTFJLT3:7:1101:31244:4156_ACTCAGTG is ignored due to at least one of the mates' length < seed length (= 25)!
Warning: Read LH00547:85:22VTFJLT3:7:1101:42866:4589_GATTAACG is ignored due to at least one of the mates' length < seed length (= 25)!
Warning: Read LH00547:85:22VTFJLT3:7:1101:15165:4685_GCGTCTCG is ignored due to at least one of the mates' length < seed length (= 25)!
Warning: Read LH00547:85:22VTFJLT3:7:1101:21979:4829_AGTTTTTC is ignored due to at least one of the mates' length < seed length (= 25)!
Warning: Read LH00547:85:22VTFJLT3:7:1101:39824:5630_CTGATCAT is ignored due to at least one of the mates' length < seed length (= 25)!
Warning: Read LH00547:85:22VTFJLT3:7:1101:12345:5727_TTAATATT is ignored due to at least one of the mates' length < seed length (= 25)!
Warning: Read LH00547:85:22VTFJLT3:7:1101:22488:5743_TTATCTCT is ignored due to at least one of the mates' length < seed length (= 25)!
Warning: Read LH00547:85:22VTFJLT3:7:1101:18651:4957_AAAGCGTA is ignored due to at least one of the mates' length < seed length (= 25)!
Warning: Read LH00547:85:22VTFJLT3:7:1101:11753:6335_CTTAGTTT is ignored due to at least one of the mates' length < seed length (= 25)!
Warning: Read LH00547:85:22VTFJLT3:7:1101:15295:6512_TGTCTTAT is ignored due to at least one of the mates' length < seed length (= 25)!
Warning: Read LH00547:85:22VTFJLT3:7:1101:12105:6560_GAGCTACA is ignored due to at least one of the mates' length < seed length (= 25)!
Warning: Read LH00547:85:22VTFJLT3:7:1101:4763:6752_GAATCCCA is ignored due to at least one of the mates' length < seed length (= 25)!
Warning: Read LH00547:85:22VTFJLT3:7:1101:22118:6896_GATGGCAC is ignored due to at least one of the mates' length < seed length (= 25)!
Warning: Read LH00547:85:22VTFJLT3:7:1101:36450:7409_ATTATTTA is ignored due to at least one of the mates' length < seed length (= 25)!
Warning: Read LH00547:85:22VTFJLT3:7:1101:1629:7441_ATAGATTT is ignored due to at least one of the mates' length < seed length (= 25)!
Warning: Read LH00547:85:22VTFJLT3:7:1101:18540:7072_AATTTGTG is ignored due to at least one of the mates' length < seed length (= 25)!
Warning: Read LH00547:85:22VTFJLT3:7:1101:47878:7088_ATTACATC is ignored due to at least one of the mates' length < seed length (= 25)!
Warning: Read LH00547:85:22VTFJLT3:7:1101:18022:7104_TTTCCTCT is ignored due to at least one of the mates' length < seed length (= 25)!
Warning: Read LH00547:85:22VTFJLT3:7:1101:35701:7874_GGCAAGGT is ignored due to at least one of the mates' length < seed length (= 25)!
Warning: Read LH00547:85:22VTFJLT3:7:1101:13038:7922_ATTCTGGC is ignored due to at least one of the mates' length < seed length (= 25)!
Warning: Read LH00547:85:22VTFJLT3:7:1101:45779:7938_AACACTAC is ignored due to at least one of the mates' length < seed length (= 25)!
Warning: Read LH00547:85:22VTFJLT3:7:1101:34730:8755_TACTTTGG is ignored due to at least one of the mates' length < seed length (= 25)!
Warning: Read LH00547:85:22VTFJLT3:7:1101:45122:8562_GTACTATG is ignored due to at least one of the mates' length < seed length (= 25)!
Warning: Read LH00547:85:22VTFJLT3:7:1101:17634:9123_TGATCTGG is ignored due to at least one of the mates' length < seed length (= 25)!
Warning: Read LH00547:85:22VTFJLT3:7:1101:44383:9139_TTTTGGGA is ignored due to at least one of the mates' length < seed length (= 25)!
Warning: Read LH00547:85:22VTFJLT3:7:1101:29367:9171_TGTCCAAC is ignored due to at least one of the mates' length < seed length (= 25)!
Warning: Read LH00547:85:22VTFJLT3:7:1101:25021:9267_GGATATTT is ignored due to at least one of the mates' length < seed length (= 25)!
Warning: Read LH00547:85:22VTFJLT3:7:1101:25974:9540_CAGTTTTG is ignored due to at least one of the mates' length < seed length (= 25)!
Warning: Read LH00547:85:22VTFJLT3:7:1101:2387:9652_AAGTATAT is ignored due to at least one of the mates' length < seed length (= 25)!
Warning: Read LH00547:85:22VTFJLT3:7:1101:11624:8034_GTCTCGCC is ignored due to at least one of the mates' length < seed length (= 25)!
Warning: Read LH00547:85:22VTFJLT3:7:1101:6492:8050_TTCTATAA is ignored due to at least one of the mates' length < seed length (= 25)!
Warning: Read LH00547:85:22VTFJLT3:7:1101:44142:10677_TACTTTAT is ignored due to at least one of the mates' length < seed length (= 25)!
Warning: Read LH00547:85:22VTFJLT3:7:1101:27610:9972_CACATGAT is ignored due to at least one of the mates' length < seed length (= 25)!
Warning: Read LH00547:85:22VTFJLT3:7:1101:19104:10229_TAAGTGAG is ignored due to at least one of the mates' length < seed length (= 25)!
Warning: Read LH00547:85:22VTFJLT3:7:1101:16644:11158_CACCCATG is ignored due to at least one of the mates' length < seed length (= 25)!
Warning: Read LH00547:85:22VTFJLT3:7:1101:42885:10806_TGAGAGGT is ignored due to at least one of the mates' length < seed length (= 25)!
Warning: Read LH00547:85:22VTFJLT3:7:1101:49135:10998_CTATCATT is ignored due to at least one of the mates' length < seed length (= 25)!
Warning: Read LH00547:85:22VTFJLT3:7:1101:50716:11270_CTGGTGTA is ignored due to at least one of the mates' length < seed length (= 25)!
Warning: Read LH00547:85:22VTFJLT3:7:1101:38114:12344_GTATAAGG is ignored due to at least one of the mates' length < seed length (= 25)!
Warning: Read LH00547:85:22VTFJLT3:7:1101:44586:11639_CGCGTGAT is ignored due to at least one of the mates' length < seed length (= 25)!
Warning: Read LH00547:85:22VTFJLT3:7:1101:24356:11703_TATCTTTT is ignored due to at least one of the mates' length < seed length (= 25)!
Warning: Read LH00547:85:22VTFJLT3:7:1101:1462:11799_CTGTGATC is ignored due to at least one of the mates' length < seed length (= 25)!
Warning: Read LH00547:85:22VTFJLT3:7:1101:43162:12472_GAAATCTT is ignored due to at least one of the mates' length < seed length (= 25)!
Warning: Read LH00547:85:22VTFJLT3:7:1101:22543:12728_CCTGGGAG is ignored due to at least one of the mates' length < seed length (= 25)!
Warning: Read LH00547:85:22VTFJLT3:7:1101:31753:13049_GCACATTG is ignored due to at least one of the mates' length < seed length (= 25)!
Warning: Read LH00547:85:22VTFJLT3:7:1101:26205:13081_TGCTTACT is ignored due to at least one of the mates' length < seed length (= 25)!
Warning: Read LH00547:85:22VTFJLT3:7:1101:34767:12856_GAAGAGGC is ignored due to at least one of the mates' length < seed length (= 25)!
Warning: Read LH00547:85:22VTFJLT3:7:1101:31632:12872_GTCATCAT is ignored due to at least one of the mates' length < seed length (= 25)!
Warning: Read LH00547:85:22VTFJLT3:7:1101:41526:12937_TTATCCGT is ignored due to at least one of the mates' length < seed length (= 25)!
Warning: Read LH00547:85:22VTFJLT3:7:1101:3857:13642_ACTGTTCT is ignored due to at least one of the mates' length < seed length (= 25)!
Warning: Read LH00547:85:22VTFJLT3:7:1101:10967:13273_AGTTATCT is ignored due to at least one of the mates' length < seed length (= 25)!
Warning: Read LH00547:85:22VTFJLT3:7:1101:46251:15003_GTCTTTGA is ignored due to at least one of the mates' length < seed length (= 25)!
Warning: Read LH00547:85:22VTFJLT3:7:1101:41951:15340_TCAAGATT is ignored due to at least one of the mates' length < seed length (= 25)!
Warning: Read LH00547:85:22VTFJLT3:7:1101:50097:16189_TCATCTTT is ignored due to at least one of the mates' length < seed length (= 25)!
Warning: Read LH00547:85:22VTFJLT3:7:1101:19964:17070_TCTACAGT is ignored due to at least one of the mates' length < seed length (= 25)!
Warning: Read LH00547:85:22VTFJLT3:7:1101:26233:16910_TGCCTATT is ignored due to at least one of the mates' length < seed length (= 25)!
Warning: Read LH00547:85:22VTFJLT3:7:1101:7186:17519_AGCATTTA is ignored due to at least one of the mates' length < seed length (= 25)!
Warning: Read LH00547:85:22VTFJLT3:7:1101:47508:17599_ACTATGTT is ignored due to at least one of the mates' length < seed length (= 25)!
Warning: Read LH00547:85:22VTFJLT3:7:1101:23043:14202_AGATTTTT is ignored due to at least one of the mates' length < seed length (= 25)!
Warning: Read LH00547:85:22VTFJLT3:7:1101:37448:18753_GTATGTTT is ignored due to at least one of the mates' length < seed length (= 25)!
Warning: Read LH00547:85:22VTFJLT3:7:1101:49995:18320_CTAATTGA is ignored due to at least one of the mates' length < seed length (= 25)!
Warning: Read LH00547:85:22VTFJLT3:7:1101:19048:18080_ATGTAGTG is ignored due to at least one of the mates' length < seed length (= 25)!
Warning: Read LH00547:85:22VTFJLT3:7:1101:30273:18080_CACCAGTT is ignored due to at least one of the mates' length < seed length (= 25)!
Warning: Read LH00547:85:22VTFJLT3:7:1101:7065:18112_ACGAATCT is ignored due to at least one of the mates' length < seed length (= 25)!
Warning: Read LH00547:85:22VTFJLT3:7:1101:22053:19442_TATCCACA is ignored due to at least one of the mates' length < seed length (= 25)!
Warning: Read LH00547:85:22VTFJLT3:7:1101:19631:19602_ACACTAGC is ignored due to at least one of the mates' length < seed length (= 25)!
Warning: Read LH00547:85:22VTFJLT3:7:1101:9654:20323_TCGGTTTC is ignored due to at least one of the mates' length < seed length (= 25)!
Warning: Read LH00547:85:22VTFJLT3:7:1101:51428:19394_CGTTTGTT is ignored due to at least one of the mates' length < seed length (= 25)!
Warning: Read LH00547:85:22VTFJLT3:7:1101:31836:19730_TGCGCTTT is ignored due to at least one of the mates' length < seed length (= 25)!
Warning: Read LH00547:85:22VTFJLT3:7:1101:47647:19858_CATTTCTT is ignored due to at least one of the mates' length < seed length (= 25)!
Warning: Read LH00547:85:22VTFJLT3:7:1101:9340:19874_AACTTATT is ignored due to at least one of the mates' length < seed length (= 25)!
Warning: Read LH00547:85:22VTFJLT3:7:1101:11078:19874_TGTGTATC is ignored due to at least one of the mates' length < seed length (= 25)!
Warning: Read LH00547:85:22VTFJLT3:7:1101:24346:20050_CTTATAAG is ignored due to at least one of the mates' length < seed length (= 25)!
Warning: Read LH00547:85:22VTFJLT3:7:1101:36514:20884_AGTGTTTT is ignored due to at least one of the mates' length < seed length (= 25)!
Warning: Read LH00547:85:22VTFJLT3:7:1101:6936:20451_GAATGCTG is ignored due to at least one of the mates' length < seed length (= 25)!
Warning: Read LH00547:85:22VTFJLT3:7:1101:25206:20707_TCTGTCAT is ignored due to at least one of the mates' length < seed length (= 25)!
Warning: Read LH00547:85:22VTFJLT3:7:1101:33630:20819_GCATTAAA is ignored due to at least one of the mates' length < seed length (= 25)!
Warning: Read LH00547:85:22VTFJLT3:7:1101:21378:20964_TGGCTTCC is ignored due to at least one of the mates' length < seed length (= 25)!
Warning: Read LH00547:85:22VTFJLT3:7:1101:1259:21861_TCCGCCTC is ignored due to at least one of the mates' length < seed length (= 25)!
Warning: Read LH00547:85:22VTFJLT3:7:1101:36958:22326_CCCCCCTA is ignored due to at least one of the mates' length < seed length (= 25)!
Warning: Read LH00547:85:22VTFJLT3:7:1101:19538:21460_ATCCCAGT is ignored due to at least one of the mates' length < seed length (= 25)!
Warning: Read LH00547:85:22VTFJLT3:7:1101:39538:23271_AATCATTG is ignored due to at least one of the mates' length < seed length (= 25)!
Warning: Read LH00547:85:22VTFJLT3:7:1101:22664:22101_GCCACTAT is ignored due to at least one of the mates' length < seed length (= 25)!
Warning: Read LH00547:85:22VTFJLT3:7:1101:47379:22726_TTCTTGCG is ignored due to at least one of the mates' length < seed length (= 25)!
Warning: Read LH00547:85:22VTFJLT3:7:1101:43024:21781_CTCGCATT is ignored due to at least one of the mates' length < seed length (= 25)!
Warning: Read LH00547:85:22VTFJLT3:7:1101:36450:24777_CTCCTGGG is ignored due to at least one of the mates' length < seed length (= 25)!
Warning: Read LH00547:85:22VTFJLT3:7:1101:40823:22518_CGTTGGTG is ignored due to at least one of the mates' length < seed length (= 25)!
Warning: Read LH00547:85:22VTFJLT3:7:1101:42534:22598_AAGTTATG is ignored due to at least one of the mates' length < seed length (= 25)!
Warning: Read LH00547:85:22VTFJLT3:7:1101:5281:24601_TCAATTTA is ignored due to at least one of the mates' length < seed length (= 25)!
Warning: Read LH00547:85:22VTFJLT3:7:1101:43736:25033_ACTGATCT is ignored due to at least one of the mates' length < seed length (= 25)!
Warning: Read LH00547:85:22VTFJLT3:7:1101:3839:23864_TAGCTTTA is ignored due to at least one of the mates' length < seed length (= 25)!
Warning: Read LH00547:85:22VTFJLT3:7:1101:25336:24328_TAAACTCG is ignored due to at least one of the mates' length < seed length (= 25)!
Warning: Read LH00547:85:22VTFJLT3:7:1101:7417:1320_CAAGATTA is ignored due to at least one of the mates' length < seed length (= 25)!
Warning: Read LH00547:85:22VTFJLT3:7:1101:44928:1369_CGAAATGG is ignored due to at least one of the mates' length < seed length (= 25)!
Warning: Read LH00547:85:22VTFJLT3:7:1101:22100:1865_AGTCAAAC is ignored due to at least one of the mates' length < seed length (= 25)!
Warning: Read LH00547:85:22VTFJLT3:7:1101:27425:1897_TATGATCA is ignored due to at least one of the mates' length < seed length (= 25)!
Warning: Read LH00547:85:22VTFJLT3:7:1101:31531:1897_TAAAATTT is ignored due to at least one of the mates' length < seed length (= 25)!
Warning: Read LH00547:85:22VTFJLT3:7:1101:42755:1993_TCTACAGT is ignored due to at least one of the mates' length < seed length (= 25)!
Warning: Read LH00547:85:22VTFJLT3:7:1101:7204:2586_ACATGCCT is ignored due to at least one of the mates' length < seed length (= 25)!
Warning: Read LH00547:85:22VTFJLT3:7:1101:10403:2298_GCTCATAT is ignored due to at least one of the mates' length < seed length (= 25)!
Warning: Read LH00547:85:22VTFJLT3:7:1101:22812:2330_AAAGTATC is ignored due to at least one of the mates' length < seed length (= 25)!
Warning: Read LH00547:85:22VTFJLT3:7:1101:48331:2682_TTACACTC is ignored due to at least one of the mates' length < seed length (= 25)!
Warning: Read LH00547:85:22VTFJLT3:7:1101:12502:2827_AGATTTAT is ignored due to at least one of the mates' length < seed length (= 25)!
Warning: Read LH00547:85:22VTFJLT3:7:1101:12983:3596_GTCGTTCA is ignored due to at least one of the mates' length < seed length (= 25)!
Warning: Read LH00547:85:22VTFJLT3:7:1101:30282:3612_TGGACTTT is ignored due to at least one of the mates' length < seed length (= 25)!
Warning: Read LH00547:85:22VTFJLT3:7:1101:30208:3836_GTCAAGTT is ignored due to at least one of the mates' length < seed length (= 25)!
Warning: Read LH00547:85:22VTFJLT3:7:1101:28831:3980_TAAAGTCT is ignored due to at least one of the mates' length < seed length (= 25)!
Warning: Read LH00547:85:22VTFJLT3:7:1101:44512:3564_GACGTGTG is ignored due to at least one of the mates' length < seed length (= 25)!
Warning: Read LH00547:85:22VTFJLT3:7:1101:14056:4044_TTTACATC is ignored due to at least one of the mates' length < seed length (= 25)!
Warning: Read LH00547:85:22VTFJLT3:7:1101:5799:4413_ATGTGTAT is ignored due to at least one of the mates' length < seed length (= 25)!
Warning: Read LH00547:85:22VTFJLT3:7:1101:28775:4461_GAGTGGGT is ignored due to at least one of the mates' length < seed length (= 25)!
Warning: Read LH00547:85:22VTFJLT3:7:1101:46047:4813_GGCTTTCA is ignored due to at least one of the mates' length < seed length (= 25)!
Warning: Read LH00547:85:22VTFJLT3:7:1101:50374:4813_TGTCAGCC is ignored due to at least one of the mates' length < seed length (= 25)!
Warning: Read LH00547:85:22VTFJLT3:7:1101:43477:5134_AAGCTAGT is ignored due to at least one of the mates' length < seed length (= 25)!
Warning: Read LH00547:85:22VTFJLT3:7:1101:11762:5262_GCTGCCTT is ignored due to at least one of the mates' length < seed length (= 25)!
Warning: Read LH00547:85:22VTFJLT3:7:1101:5031:7729_TCTTTTTC is ignored due to at least one of the mates' length < seed length (= 25)!
Warning: Read LH00547:85:22VTFJLT3:7:1101:31355:7425_AGGGTCGT is ignored due to at least one of the mates' length < seed length (= 25)!
Warning: Read LH00547:85:22VTFJLT3:7:1101:27342:8482_TATAGTCT is ignored due to at least one of the mates' length < seed length (= 25)!
Warning: Read LH00547:85:22VTFJLT3:7:1101:25308:8514_TTAGTAAG is ignored due to at least one of the mates' length < seed length (= 25)!
Warning: Read LH00547:85:22VTFJLT3:7:1101:34887:8514_TAGCAAGT is ignored due to at least one of the mates' length < seed length (= 25)!
Warning: Read LH00547:85:22VTFJLT3:7:1101:43523:8803_TTTTTTTA is ignored due to at least one of the mates' length < seed length (= 25)!
Warning: Read LH00547:85:22VTFJLT3:7:1101:47083:8883_TTGTGGCT is ignored due to at least one of the mates' length < seed length (= 25)!
Warning: Read LH00547:85:22VTFJLT3:7:1101:5466:10053_TTATCTGT is ignored due to at least one of the mates' length < seed length (= 25)!
Warning: Read LH00547:85:22VTFJLT3:7:1101:49024:10165_TCTCCTTA is ignored due to at least one of the mates' length < seed length (= 25)!
Warning: Read LH00547:85:22VTFJLT3:7:1101:25142:11174_TTATCAGC is ignored due to at least one of the mates' length < seed length (= 25)!
Warning: Read LH00547:85:22VTFJLT3:7:1101:5623:11222_ATATGGTC is ignored due to at least one of the mates' length < seed length (= 25)!
Warning: Read LH00547:85:22VTFJLT3:7:1101:29062:10758_AGTTCTCG is ignored due to at least one of the mates' length < seed length (= 25)!
Warning: Read LH00547:85:22VTFJLT3:7:1101:28581:10854_GAGCCCAT is ignored due to at least one of the mates' length < seed length (= 25)!
Warning: Read LH00547:85:22VTFJLT3:7:1101:17338:11430_TAATCTGC is ignored due to at least one of the mates' length < seed length (= 25)!
Warning: Read LH00547:85:22VTFJLT3:7:1101:26436:11463_AGCTTAAT is ignored due to at least one of the mates' length < seed length (= 25)!
Warning: Read LH00547:85:22VTFJLT3:7:1101:15775:11511_CATTTTTT is ignored due to at least one of the mates' length < seed length (= 25)!
Warning: Read LH00547:85:22VTFJLT3:7:1101:41674:10469_TTCCAAGA is ignored due to at least one of the mates' length < seed length (= 25)!
Warning: Read LH00547:85:22VTFJLT3:7:1101:16718:11831_TGGTTGTC is ignored due to at least one of the mates' length < seed length (= 25)!
Warning: Read LH00547:85:22VTFJLT3:7:1101:2831:12632_ACTTTCTC is ignored due to at least one of the mates' length < seed length (= 25)!
Warning: Read LH00547:85:22VTFJLT3:7:1101:34878:12632_GTACCGAG is ignored due to at least one of the mates' length < seed length (= 25)!
Warning: Read LH00547:85:22VTFJLT3:7:1101:39085:13385_AGACCATC is ignored due to at least one of the mates' length < seed length (= 25)!
Warning: Read LH00547:85:22VTFJLT3:7:1101:18475:12792_GACTTTAC is ignored due to at least one of the mates' length < seed length (= 25)!
Warning: Read LH00547:85:22VTFJLT3:7:1101:49126:12808_AAAGGGCA is ignored due to at least one of the mates' length < seed length (= 25)!
Warning: Read LH00547:85:22VTFJLT3:7:1101:1462:14042_ATAACTGT is ignored due to at least one of the mates' length < seed length (= 25)!
Warning: Read LH00547:85:22VTFJLT3:7:1101:21101:13593_TTGGGTTA is ignored due to at least one of the mates' length < seed length (= 25)!
Warning: Read LH00547:85:22VTFJLT3:7:1101:43079:13289_TTCTAATA is ignored due to at least one of the mates' length < seed length (= 25)!
Warning: Read LH00547:85:22VTFJLT3:7:1101:9950:14266_TCCGAATC is ignored due to at least one of the mates' length < seed length (= 25)!
Warning: Read LH00547:85:22VTFJLT3:7:1101:46066:14779_ATTTATAC is ignored due to at least one of the mates' length < seed length (= 25)!
Warning: Read LH00547:85:22VTFJLT3:7:1101:25530:14827_TATTATGA is ignored due to at least one of the mates' length < seed length (= 25)!
Warning: Read LH00547:85:22VTFJLT3:7:1101:15442:15997_CAGTAAAC is ignored due to at least one of the mates' length < seed length (= 25)!
Warning: Read LH00547:85:22VTFJLT3:7:1101:3459:16061_CTAGCCAA is ignored due to at least one of the mates' length < seed length (= 25)!
Warning: Read LH00547:85:22VTFJLT3:7:1101:17939:15356_GTAGGAGG is ignored due to at least one of the mates' length < seed length (= 25)!
Warning: Read LH00547:85:22VTFJLT3:7:1101:17042:15821_CTATGCGG is ignored due to at least one of the mates' length < seed length (= 25)!
Warning: Read LH00547:85:22VTFJLT3:7:1101:50430:15901_GGGACGAT is ignored due to at least one of the mates' length < seed length (= 25)!
Warning: Read LH00547:85:22VTFJLT3:7:1101:20361:16317_AGTTTACT is ignored due to at least one of the mates' length < seed length (= 25)!
Warning: Read LH00547:85:22VTFJLT3:7:1101:18771:17311_CAAATGTT is ignored due to at least one of the mates' length < seed length (= 25)!
Warning: Read LH00547:85:22VTFJLT3:7:1101:39769:17359_GTGAAGGA is ignored due to at least one of the mates' length < seed length (= 25)!
Warning: Read LH00547:85:22VTFJLT3:7:1101:5826:17375_ATAACTAT is ignored due to at least one of the mates' length < seed length (= 25)!
Warning: Read LH00547:85:22VTFJLT3:7:1101:31808:17118_TTAATGCA is ignored due to at least one of the mates' length < seed length (= 25)!
Warning: Read LH00547:85:22VTFJLT3:7:1101:18179:16926_ATACTTTT is ignored due to at least one of the mates' length < seed length (= 25)!
Warning: Read LH00547:85:22VTFJLT3:7:1101:49172:16926_ACCCAGGT is ignored due to at least one of the mates' length < seed length (= 25)!
Warning: Read LH00547:85:22VTFJLT3:7:1101:20093:16686_AAATCTAT is ignored due to at least one of the mates' length < seed length (= 25)!
Warning: Read LH00547:85:22VTFJLT3:7:1101:51068:16846_TGCCTCCA is ignored due to at least one of the mates' length < seed length (= 25)!
Warning: Read LH00547:85:22VTFJLT3:7:1101:26085:14058_CGACCCCG is ignored due to at least one of the mates' length < seed length (= 25)!
Warning: Read LH00547:85:22VTFJLT3:7:1101:8083:14074_TCCGAAAC is ignored due to at least one of the mates' length < seed length (= 25)!
Warning: Read LH00547:85:22VTFJLT3:7:1101:31577:14154_GCCTTTGC is ignored due to at least one of the mates' length < seed length (= 25)!
Warning: Read LH00547:85:22VTFJLT3:7:1101:34711:19105_CAATGATA is ignored due to at least one of the mates' length < seed length (= 25)!
Warning: Read LH00547:85:22VTFJLT3:7:1101:44050:19201_TTCATACG is ignored due to at least one of the mates' length < seed length (= 25)!
Warning: Read LH00547:85:22VTFJLT3:7:1101:3450:18961_ACAGGTAG is ignored due to at least one of the mates' length < seed length (= 25)!
Warning: Read LH00547:85:22VTFJLT3:7:1101:7482:18833_ACGCAGGG is ignored due to at least one of the mates' length < seed length (= 25)!
Warning: Read LH00547:85:22VTFJLT3:7:1101:33500:19474_ATTAGTAT is ignored due to at least one of the mates' length < seed length (= 25)!
Warning: Read LH00547:85:22VTFJLT3:7:1101:28452:20243_AGCTTCGT is ignored due to at least one of the mates' length < seed length (= 25)!
Warning: Read LH00547:85:22VTFJLT3:7:1101:23588:19217_ATGGCCGT is ignored due to at least one of the mates' length < seed length (= 25)!
Warning: Read LH00547:85:22VTFJLT3:7:1101:3339:19410_CACGTAAG is ignored due to at least one of the mates' length < seed length (= 25)!
Warning: Read LH00547:85:22VTFJLT3:7:1101:13658:19762_TTATACGC is ignored due to at least one of the mates' length < seed length (= 25)!
Warning: Read LH00547:85:22VTFJLT3:7:1101:9858:19778_ACGAGACT is ignored due to at least one of the mates' length < seed length (= 25)!
Warning: Read LH00547:85:22VTFJLT3:7:1101:17893:20179_TCTGCGAG is ignored due to at least one of the mates' length < seed length (= 25)!
Warning: Read LH00547:85:22VTFJLT3:7:1101:6307:20868_TTAGACTC is ignored due to at least one of the mates' length < seed length (= 25)!
Warning: Read LH00547:85:22VTFJLT3:7:1101:49098:20900_TTTTGCAG is ignored due to at least one of the mates' length < seed length (= 25)!
Warning: Read LH00547:85:22VTFJLT3:7:1101:6289:20515_AACCGTGT is ignored due to at least one of the mates' length < seed length (= 25)!
Warning: Read LH00547:85:22VTFJLT3:7:1101:8896:21028_AAATGCAT is ignored due to at least one of the mates' length < seed length (= 25)!
Warning: Read LH00547:85:22VTFJLT3:7:1101:36561:21284_ATCCACAT is ignored due to at least one of the mates' length < seed length (= 25)!
Warning: Read LH00547:85:22VTFJLT3:7:1101:33583:21861_GTCAAGTA is ignored due to at least one of the mates' length < seed length (= 25)!
Warning: Read LH00547:85:22VTFJLT3:7:1101:35987:22342_TTAGGTAC is ignored due to at least one of the mates' length < seed length (= 25)!
Warning: Read LH00547:85:22VTFJLT3:7:1101:47656:22374_AATTTTCA is ignored due to at least one of the mates' length < seed length (= 25)!
Warning: Read LH00547:85:22VTFJLT3:7:1101:48201:22390_GTGGAGTC is ignored due to at least one of the mates' length < seed length (= 25)!
Warning: Read LH00547:85:22VTFJLT3:7:1101:52066:22486_CCCAGCAC is ignored due to at least one of the mates' length < seed length (= 25)!
Warning: Read LH00547:85:22VTFJLT3:7:1101:46676:22502_TTTTTACT is ignored due to at least one of the mates' length < seed length (= 25)!
Warning: Read LH00547:85:22VTFJLT3:7:1101:41322:21364_ATTAAGAC is ignored due to at least one of the mates' length < seed length (= 25)!
Warning: Read LH00547:85:22VTFJLT3:7:1101:31521:23159_CACTAGTC is ignored due to at least one of the mates' length < seed length (= 25)!
Warning: Read LH00547:85:22VTFJLT3:7:1101:41544:22261_TAGAGGTA is ignored due to at least one of the mates' length < seed length (= 25)!
Warning: Read LH00547:85:22VTFJLT3:7:1101:23043:22950_ATTGGAAT is ignored due to at least one of the mates' length < seed length (= 25)!
Warning: Read LH00547:85:22VTFJLT3:7:1101:32566:24937_AAGGAGGA is ignored due to at least one of the mates' length < seed length (= 25)!
Warning: Read LH00547:85:22VTFJLT3:7:1101:45002:24376_GACAGTAG is ignored due to at least one of the mates' length < seed length (= 25)!
Warning: Read LH00547:85:22VTFJLT3:7:1101:27694:22614_GCTGTGTT is ignored due to at least one of the mates' length < seed length (= 25)!
Warning: Read LH00547:85:22VTFJLT3:7:1101:31660:23399_ACGGTAGT is ignored due to at least one of the mates' length < seed length (= 25)!
Warning: Read LH00547:85:22VTFJLT3:7:1101:8193:23431_AGCTTTGT is ignored due to at least one of the mates' length < seed length (= 25)!
Warning: Read LH00547:85:22VTFJLT3:7:1101:51558:25033_ATCGTGTT is ignored due to at least one of the mates' length < seed length (= 25)!
